mode: count
github.com/euskadi31/go-einfo/terminal/windowsize.go:18.53,28.24 3 1
github.com/euskadi31/go-einfo/terminal/windowsize.go:32.2,32.16 1 0
github.com/euskadi31/go-einfo/terminal/windowsize.go:28.24,30.3 1 1
github.com/euskadi31/go-einfo/terminal/color.go:54.31,55.32 1 1
github.com/euskadi31/go-einfo/terminal/color.go:59.2,59.13 1 0
github.com/euskadi31/go-einfo/terminal/color.go:63.2,63.16 1 0
github.com/euskadi31/go-einfo/terminal/color.go:71.2,71.37 1 0
github.com/euskadi31/go-einfo/terminal/color.go:77.2,77.33 1 0
github.com/euskadi31/go-einfo/terminal/color.go:85.2,85.14 1 0
github.com/euskadi31/go-einfo/terminal/color.go:55.32,57.3 1 1
github.com/euskadi31/go-einfo/terminal/color.go:59.13,61.3 1 0
github.com/euskadi31/go-einfo/terminal/color.go:63.16,66.17 2 0
github.com/euskadi31/go-einfo/terminal/color.go:66.17,68.4 1 0
github.com/euskadi31/go-einfo/terminal/color.go:71.37,75.3 2 0
github.com/euskadi31/go-einfo/terminal/color.go:77.33,78.43 1 0
github.com/euskadi31/go-einfo/terminal/color.go:78.43,82.4 2 0
github.com/euskadi31/go-einfo/einfo.go:13.44,15.2 1 1
github.com/euskadi31/go-einfo/einfo.go:18.44,20.2 1 1
github.com/euskadi31/go-einfo/einfo.go:23.45,25.2 1 1
github.com/euskadi31/go-einfo/einfo.go:28.45,30.2 1 3
github.com/euskadi31/go-einfo/einfo.go:33.56,35.2 1 2
github.com/euskadi31/go-einfo/einfo.go:38.57,40.2 1 1
github.com/euskadi31/go-einfo/internal/internal.go:45.45,46.26 1 5
github.com/euskadi31/go-einfo/internal/internal.go:50.2,50.25 1 0
github.com/euskadi31/go-einfo/internal/internal.go:46.26,48.3 1 5
github.com/euskadi31/go-einfo/internal/internal.go:53.74,67.2 6 2
github.com/euskadi31/go-einfo/internal/internal.go:69.57,72.15 2 1
github.com/euskadi31/go-einfo/internal/internal.go:76.2,76.62 1 1
github.com/euskadi31/go-einfo/internal/internal.go:82.2,82.16 1 1
github.com/euskadi31/go-einfo/internal/internal.go:92.2,92.18 1 1
github.com/euskadi31/go-einfo/internal/internal.go:96.2,96.37 1 1
github.com/euskadi31/go-einfo/internal/internal.go:72.15,74.3 1 0
github.com/euskadi31/go-einfo/internal/internal.go:76.62,78.3 1 1
github.com/euskadi31/go-einfo/internal/internal.go:78.8,80.3 1 0
github.com/euskadi31/go-einfo/internal/internal.go:82.16,85.57 2 1
github.com/euskadi31/go-einfo/internal/internal.go:85.57,87.4 1 0
github.com/euskadi31/go-einfo/internal/internal.go:87.9,89.4 1 1
github.com/euskadi31/go-einfo/internal/internal.go:92.18,94.3 1 0
github.com/euskadi31/go-einfo/internal/internal.go:96.37,108.3 1 0
github.com/euskadi31/go-einfo/internal/internal.go:108.8,109.14 1 1
github.com/euskadi31/go-einfo/internal/internal.go:115.3,115.35 1 1
github.com/euskadi31/go-einfo/internal/internal.go:109.14,110.34 1 0
github.com/euskadi31/go-einfo/internal/internal.go:110.34,112.5 1 0
github.com/euskadi31/go-einfo/internal/internal.go:120.70,124.2 2 1
github.com/euskadi31/go-einfo/internal/internal.go:127.71,132.2 3 1
github.com/euskadi31/go-einfo/internal/internal.go:135.82,138.29 2 1
github.com/euskadi31/go-einfo/internal/internal.go:150.2,153.13 3 1
github.com/euskadi31/go-einfo/internal/internal.go:158.2,158.25 1 1
github.com/euskadi31/go-einfo/internal/internal.go:138.29,139.41 1 0
github.com/euskadi31/go-einfo/internal/internal.go:145.3,147.11 2 0
github.com/euskadi31/go-einfo/internal/internal.go:139.41,141.4 1 0
github.com/euskadi31/go-einfo/internal/internal.go:141.9,143.4 1 0
github.com/euskadi31/go-einfo/internal/internal.go:153.13,156.3 2 0
